Determining if the pthread_create exist failed with the following output:
Change Dir: /home/tanujgarg/Downloads/Sem-4/Graphics/Assignment-2/3-d-jet-fighter-game/build/CMakeFiles/CMakeTmp

Run Build Command:"/usr/bin/make" "cmTC_07a7b/fast"
/usr/bin/make -f CMakeFiles/cmTC_07a7b.dir/build.make CMakeFiles/cmTC_07a7b.dir/build
make[1]: Entering directory '/home/tanujgarg/Downloads/Sem-4/Graphics/Assignment-2/3-d-jet-fighter-game/build/CMakeFiles/CMakeTmp'
Building C object CMakeFiles/cmTC_07a7b.dir/CheckSymbolExists.c.o
/usr/bin/cc    -o CMakeFiles/cmTC_07a7b.dir/CheckSymbolExists.c.o   -c /home/tanujgarg/Downloads/Sem-4/Graphics/Assignment-2/3-d-jet-fighter-game/build/CMakeFiles/CMakeTmp/CheckSymbolExists.c
Linking C executable cmTC_07a7b
/usr/bin/cmake -E cmake_link_script CMakeFiles/cmTC_07a7b.dir/link.txt --verbose=1
/usr/bin/cc      -rdynamic CMakeFiles/cmTC_07a7b.dir/CheckSymbolExists.c.o  -o cmTC_07a7b 
/usr/bin/ld: CMakeFiles/cmTC_07a7b.dir/CheckSymbolExists.c.o: in function `main':
CheckSymbolExists.c:(.text+0x1b): undefined reference to `pthread_create'
collect2: error: ld returned 1 exit status
make[1]: *** [CMakeFiles/cmTC_07a7b.dir/build.make:87: cmTC_07a7b] Error 1
make[1]: Leaving directory '/home/tanujgarg/Downloads/Sem-4/Graphics/Assignment-2/3-d-jet-fighter-game/build/CMakeFiles/CMakeTmp'
make: *** [Makefile:121: cmTC_07a7b/fast] Error 2

File /home/tanujgarg/Downloads/Sem-4/Graphics/Assignment-2/3-d-jet-fighter-game/build/CMakeFiles/CMakeTmp/CheckSymbolExists.c:
/* */
#include <pthread.h>

int main(int argc, char** argv)
{
  (void)argv;
#ifndef pthread_create
  return ((int*)(&pthread_create))[argc];
#else
  (void)argc;
  return 0;
#endif
}

Determining if the function pthread_create exists in the pthreads failed with the following output:
Change Dir: /home/tanujgarg/Downloads/Sem-4/Graphics/Assignment-2/3-d-jet-fighter-game/build/CMakeFiles/CMakeTmp

Run Build Command:"/usr/bin/make" "cmTC_66fb7/fast"
/usr/bin/make -f CMakeFiles/cmTC_66fb7.dir/build.make CMakeFiles/cmTC_66fb7.dir/build
make[1]: Entering directory '/home/tanujgarg/Downloads/Sem-4/Graphics/Assignment-2/3-d-jet-fighter-game/build/CMakeFiles/CMakeTmp'
Building C object CMakeFiles/cmTC_66fb7.dir/CheckFunctionExists.c.o
/usr/bin/cc   -DCHECK_FUNCTION_EXISTS=pthread_create   -o CMakeFiles/cmTC_66fb7.dir/CheckFunctionExists.c.o   -c /usr/share/cmake-3.12/Modules/CheckFunctionExists.c
Linking C executable cmTC_66fb7
/usr/bin/cmake -E cmake_link_script CMakeFiles/cmTC_66fb7.dir/link.txt --verbose=1
/usr/bin/cc  -DCHECK_FUNCTION_EXISTS=pthread_create    -rdynamic CMakeFiles/cmTC_66fb7.dir/CheckFunctionExists.c.o  -o cmTC_66fb7 -lpthreads 
/usr/bin/ld: cannot find -lpthreads
collect2: error: ld returned 1 exit status
make[1]: *** [CMakeFiles/cmTC_66fb7.dir/build.make:87: cmTC_66fb7] Error 1
make[1]: Leaving directory '/home/tanujgarg/Downloads/Sem-4/Graphics/Assignment-2/3-d-jet-fighter-game/build/CMakeFiles/CMakeTmp'
make: *** [Makefile:121: cmTC_66fb7/fast] Error 2


